2025-05-23 15:28:57 [background-preinit] INFO  o.h.validator.internal.util.Version - HV000001: Hibernate Validator 8.0.0.Final
2025-05-23 15:28:57 [main] INFO  c.e.u.p.PosResturantAppApplication - Starting PosResturantAppApplication using Java 17.0.14 with PID 44219 (/Users/esteban/IdeaProjects/POS Resturant App/build/classes/java/main started by esteban in /Users/esteban/IdeaProjects/POS Resturant App)
2025-05-23 15:28:57 [main] DEBUG c.e.u.p.PosResturantAppApplication - Running with Spring Boot v3.4.2, Spring v6.2.2
2025-05-23 15:28:57 [main] INFO  c.e.u.p.PosResturantAppApplication - No active profile set, falling back to 1 default profile: "default"
2025-05-23 15:28:57 [main] INFO  o.s.d.r.c.RepositoryConfigurationDelegate - Bootstrapping Spring Data JPA repositories in DEFAULT mode.
2025-05-23 15:28:57 [main] INFO  o.s.d.r.c.RepositoryConfigurationDelegate - Finished Spring Data repository scanning in 71 ms. Found 10 JPA repository interfaces.
2025-05-23 15:28:58 [main] INFO  o.s.b.w.e.tomcat.TomcatWebServer - Tomcat initialized with port 8086 (http)
2025-05-23 15:28:58 [main] INFO  o.a.coyote.http11.Http11NioProtocol - Initializing ProtocolHandler ["http-nio-8086"]
2025-05-23 15:28:58 [main] INFO  o.a.catalina.core.StandardService - Starting service [Tomcat]
2025-05-23 15:28:58 [main] INFO  o.a.catalina.core.StandardEngine - Starting Servlet engine: [Apache Tomcat/10.1.34]
2025-05-23 15:28:58 [main] INFO  o.a.c.c.C.[Tomcat].[localhost].[/] - Initializing Spring embedded WebApplicationContext
2025-05-23 15:28:58 [main] INFO  o.s.b.w.s.c.ServletWebServerApplicationContext - Root WebApplicationContext: initialization completed in 1463 ms
2025-05-23 15:28:58 [main] INFO  o.h.jpa.internal.util.LogHelper - HHH000204: Processing PersistenceUnitInfo [name: default]
2025-05-23 15:28:58 [main] INFO  org.hibernate.Version - HHH000412: Hibernate ORM core version 6.6.5.Final
2025-05-23 15:28:58 [main] INFO  o.h.c.i.RegionFactoryInitiator - HHH000026: Second-level cache disabled
2025-05-23 15:28:58 [main] INFO  o.s.o.j.p.SpringPersistenceUnitInfo - No LoadTimeWeaver setup: ignoring JPA class transformer
2025-05-23 15:28:58 [main] INFO  com.zaxxer.hikari.HikariDataSource - HikariPool-1 - Starting...
2025-05-23 15:29:02 [main] INFO  com.zaxxer.hikari.pool.HikariPool - HikariPool-1 - Added connection org.postgresql.jdbc.PgConnection@5790cbcb
2025-05-23 15:29:02 [main] INFO  com.zaxxer.hikari.HikariDataSource - HikariPool-1 - Start completed.
2025-05-23 15:29:03 [main] INFO  o.hibernate.orm.connections.pooling - HHH10001005: Database info:
	Database JDBC URL [Connecting through datasource 'HikariDataSource (HikariPool-1)']
	Database driver: undefined/unknown
	Database version: 17.4
	Autocommit mode: undefined/unknown
	Isolation level: undefined/unknown
	Minimum pool size: undefined/unknown
	Maximum pool size: undefined/unknown
2025-05-23 15:29:03 [main] INFO  o.h.e.t.j.p.i.JtaPlatformInitiator - HHH000489: No JTA platform available (set 'hibernate.transaction.jta.platform' to enable JTA platform integration)
2025-05-23 15:29:10 [main] INFO  o.s.o.j.LocalContainerEntityManagerFactoryBean - Initialized JPA EntityManagerFactory for persistence unit 'default'
2025-05-23 15:29:10 [main] INFO  o.s.d.j.r.query.QueryEnhancerFactory - Hibernate is in classpath; If applicable, HQL parser will be used.
2025-05-23 15:29:10 [main] WARN  o.s.b.a.o.j.JpaBaseConfiguration$JpaWebConfiguration - spring.jpa.open-in-view is enabled by default. Therefore, database queries may be performed during view rendering. Explicitly configure spring.jpa.open-in-view to disable this warning
2025-05-23 15:29:10 [main] INFO  o.s.b.a.e.web.EndpointLinksResolver - Exposing 3 endpoints beneath base path '/actuator'
2025-05-23 15:29:11 [main] INFO  o.a.coyote.http11.Http11NioProtocol - Starting ProtocolHandler ["http-nio-8086"]
2025-05-23 15:29:11 [main] INFO  o.s.b.w.e.tomcat.TomcatWebServer - Tomcat started on port 8086 (http) with context path '/'
2025-05-23 15:29:11 [main] INFO  c.e.u.p.PosResturantAppApplication - Started PosResturantAppApplication in 14.14 seconds (process running for 14.442)
2025-05-23 15:29:11 [RMI TCP Connection(3)-127.0.0.1] INFO  o.a.c.c.C.[Tomcat].[localhost].[/] - Initializing Spring DispatcherServlet 'dispatcherServlet'
2025-05-23 15:29:11 [RMI TCP Connection(3)-127.0.0.1] INFO  o.s.web.servlet.DispatcherServlet - Initializing Servlet 'dispatcherServlet'
2025-05-23 15:29:11 [RMI TCP Connection(3)-127.0.0.1] INFO  o.s.web.servlet.DispatcherServlet - Completed initialization in 0 ms
2025-05-23 15:44:56 [http-nio-8086-exec-7] INFO  c.e.u.p.controllers.OrdenController - Cambiando estado espera
2025-05-23 15:44:56 [http-nio-8086-exec-7] INFO  c.e.u.p.s.i.OrdenServiceImp - Editando estado orden: 3
2025-05-23 15:45:29 [http-nio-8086-exec-8] INFO  c.e.u.p.controllers.OrdenController - Cambiando estado finalizada
2025-05-23 15:45:29 [http-nio-8086-exec-8] INFO  c.e.u.p.s.i.OrdenServiceImp - Editando estado orden: 3
2025-05-23 15:45:29 [http-nio-8086-exec-8] ERROR c.e.u.p.e.GlobalExceptionHandler - Estado FINALIZADA no valido para orden con estado FINALIZADA
2025-05-23 15:45:48 [http-nio-8086-exec-9] INFO  c.e.u.p.controllers.OrdenController - Cambiando estado espera
2025-05-23 15:45:48 [http-nio-8086-exec-9] INFO  c.e.u.p.s.i.OrdenServiceImp - Editando estado orden: 3
2025-05-23 15:47:12 [SpringApplicationShutdownHook] INFO  o.s.b.w.e.tomcat.GracefulShutdown - Commencing graceful shutdown. Waiting for active requests to complete
2025-05-23 15:47:12 [tomcat-shutdown] INFO  o.s.b.w.e.tomcat.GracefulShutdown - Graceful shutdown complete
2025-05-23 15:47:12 [SpringApplicationShutdownHook] INFO  o.s.o.j.LocalContainerEntityManagerFactoryBean - Closing JPA EntityManagerFactory for persistence unit 'default'
2025-05-23 15:47:12 [SpringApplicationShutdownHook] INFO  com.zaxxer.hikari.HikariDataSource - HikariPool-1 - Shutdown initiated...
2025-05-23 15:47:12 [SpringApplicationShutdownHook] INFO  com.zaxxer.hikari.HikariDataSource - HikariPool-1 - Shutdown completed.
2025-05-23 15:47:16 [background-preinit] INFO  o.h.validator.internal.util.Version - HV000001: Hibernate Validator 8.0.0.Final
2025-05-23 15:47:16 [main] INFO  c.e.u.p.PosResturantAppApplication - Starting PosResturantAppApplication using Java 17.0.14 with PID 44582 (/Users/esteban/IdeaProjects/POS Resturant App/build/classes/java/main started by esteban in /Users/esteban/IdeaProjects/POS Resturant App)
2025-05-23 15:47:16 [main] DEBUG c.e.u.p.PosResturantAppApplication - Running with Spring Boot v3.4.2, Spring v6.2.2
2025-05-23 15:47:16 [main] INFO  c.e.u.p.PosResturantAppApplication - No active profile set, falling back to 1 default profile: "default"
2025-05-23 15:47:16 [main] INFO  o.s.d.r.c.RepositoryConfigurationDelegate - Bootstrapping Spring Data JPA repositories in DEFAULT mode.
2025-05-23 15:47:16 [main] INFO  o.s.d.r.c.RepositoryConfigurationDelegate - Finished Spring Data repository scanning in 24 ms. Found 10 JPA repository interfaces.
2025-05-23 15:47:16 [main] INFO  o.s.b.w.e.tomcat.TomcatWebServer - Tomcat initialized with port 8086 (http)
2025-05-23 15:47:16 [main] INFO  o.a.coyote.http11.Http11NioProtocol - Initializing ProtocolHandler ["http-nio-8086"]
2025-05-23 15:47:16 [main] INFO  o.a.catalina.core.StandardService - Starting service [Tomcat]
2025-05-23 15:47:16 [main] INFO  o.a.catalina.core.StandardEngine - Starting Servlet engine: [Apache Tomcat/10.1.34]
2025-05-23 15:47:16 [main] INFO  o.a.c.c.C.[Tomcat].[localhost].[/] - Initializing Spring embedded WebApplicationContext
2025-05-23 15:47:16 [main] INFO  o.s.b.w.s.c.ServletWebServerApplicationContext - Root WebApplicationContext: initialization completed in 697 ms
2025-05-23 15:47:16 [main] INFO  o.h.jpa.internal.util.LogHelper - HHH000204: Processing PersistenceUnitInfo [name: default]
2025-05-23 15:47:16 [main] INFO  org.hibernate.Version - HHH000412: Hibernate ORM core version 6.6.5.Final
2025-05-23 15:47:16 [main] INFO  o.h.c.i.RegionFactoryInitiator - HHH000026: Second-level cache disabled
2025-05-23 15:47:17 [main] INFO  o.s.o.j.p.SpringPersistenceUnitInfo - No LoadTimeWeaver setup: ignoring JPA class transformer
2025-05-23 15:47:17 [main] INFO  com.zaxxer.hikari.HikariDataSource - HikariPool-1 - Starting...
2025-05-23 15:47:17 [main] INFO  com.zaxxer.hikari.pool.HikariPool - HikariPool-1 - Added connection org.postgresql.jdbc.PgConnection@5f9ebd5a
2025-05-23 15:47:17 [main] INFO  com.zaxxer.hikari.HikariDataSource - HikariPool-1 - Start completed.
2025-05-23 15:47:18 [main] INFO  o.hibernate.orm.connections.pooling - HHH10001005: Database info:
	Database JDBC URL [Connecting through datasource 'HikariDataSource (HikariPool-1)']
	Database driver: undefined/unknown
	Database version: 17.4
	Autocommit mode: undefined/unknown
	Isolation level: undefined/unknown
	Minimum pool size: undefined/unknown
	Maximum pool size: undefined/unknown
2025-05-23 15:47:18 [main] INFO  o.h.e.t.j.p.i.JtaPlatformInitiator - HHH000489: No JTA platform available (set 'hibernate.transaction.jta.platform' to enable JTA platform integration)
2025-05-23 15:47:24 [main] INFO  o.s.o.j.LocalContainerEntityManagerFactoryBean - Initialized JPA EntityManagerFactory for persistence unit 'default'
2025-05-23 15:47:24 [main] INFO  o.s.d.j.r.query.QueryEnhancerFactory - Hibernate is in classpath; If applicable, HQL parser will be used.
2025-05-23 15:47:24 [main] WARN  o.s.b.a.o.j.JpaBaseConfiguration$JpaWebConfiguration - spring.jpa.open-in-view is enabled by default. Therefore, database queries may be performed during view rendering. Explicitly configure spring.jpa.open-in-view to disable this warning
2025-05-23 15:47:25 [main] INFO  o.s.b.a.e.web.EndpointLinksResolver - Exposing 3 endpoints beneath base path '/actuator'
2025-05-23 15:47:25 [main] INFO  o.a.coyote.http11.Http11NioProtocol - Starting ProtocolHandler ["http-nio-8086"]
2025-05-23 15:47:25 [main] INFO  o.s.b.w.e.tomcat.TomcatWebServer - Tomcat started on port 8086 (http) with context path '/'
2025-05-23 15:47:25 [main] INFO  c.e.u.p.PosResturantAppApplication - Started PosResturantAppApplication in 9.248 seconds (process running for 9.642)
2025-05-23 15:47:25 [RMI TCP Connection(4)-127.0.0.1] INFO  o.a.c.c.C.[Tomcat].[localhost].[/] - Initializing Spring DispatcherServlet 'dispatcherServlet'
2025-05-23 15:47:25 [RMI TCP Connection(4)-127.0.0.1] INFO  o.s.web.servlet.DispatcherServlet - Initializing Servlet 'dispatcherServlet'
2025-05-23 15:47:25 [RMI TCP Connection(4)-127.0.0.1] INFO  o.s.web.servlet.DispatcherServlet - Completed initialization in 1 ms
2025-05-23 15:48:27 [http-nio-8086-exec-1] INFO  c.e.u.p.controllers.OrdenController - Cambiando estado espera
2025-05-23 15:48:27 [http-nio-8086-exec-1] INFO  c.e.u.p.s.i.OrdenServiceImp - Editando estado orden: 3
2025-05-23 15:48:33 [http-nio-8086-exec-2] INFO  c.e.u.p.controllers.OrdenController - Cambiando estado finalizada
2025-05-23 15:48:33 [http-nio-8086-exec-2] INFO  c.e.u.p.s.i.OrdenServiceImp - Editando estado orden: 3
2025-05-23 15:48:41 [http-nio-8086-exec-3] INFO  c.e.u.p.controllers.OrdenController - Cambiando estado espera
2025-05-23 15:48:41 [http-nio-8086-exec-3] INFO  c.e.u.p.s.i.OrdenServiceImp - Editando estado orden: 3
2025-05-23 15:48:41 [http-nio-8086-exec-3] ERROR c.e.u.p.e.GlobalExceptionHandler - Estado ESPERA no valido para orden con estado FINALIZADA
2025-05-23 15:49:03 [http-nio-8086-exec-4] INFO  c.e.u.p.controllers.OrdenController - Cambiando estado proceso
2025-05-23 15:49:03 [http-nio-8086-exec-4] INFO  c.e.u.p.s.i.OrdenServiceImp - Editando estado orden: 3
2025-05-23 15:49:03 [http-nio-8086-exec-4] ERROR c.e.u.p.e.GlobalExceptionHandler - Estado PROCESO no valido para orden con estado FINALIZADA
2025-05-23 16:22:52 [HikariPool-1 housekeeper] WARN  com.zaxxer.hikari.pool.HikariPool - HikariPool-1 - Thread starvation or clock leap detected (housekeeper delta=2m34s630ms).
2025-05-23 17:37:31 [HikariPool-1 housekeeper] WARN  com.zaxxer.hikari.pool.HikariPool - HikariPool-1 - Thread starvation or clock leap detected (housekeeper delta=1h14m38s451ms).
2025-05-23 17:41:49 [HikariPool-1 housekeeper] WARN  com.zaxxer.hikari.pool.HikariPool - HikariPool-1 - Thread starvation or clock leap detected (housekeeper delta=4m17s912ms).
2025-05-23 18:03:21 [HikariPool-1 housekeeper] WARN  com.zaxxer.hikari.pool.HikariPool - HikariPool-1 - Thread starvation or clock leap detected (housekeeper delta=21m32s343ms).
2025-05-23 18:04:14 [HikariPool-1 housekeeper] WARN  com.zaxxer.hikari.pool.HikariPool - HikariPool-1 - Thread starvation or clock leap detected (housekeeper delta=52s708ms).
2025-05-23 18:05:20 [SpringApplicationShutdownHook] INFO  o.s.b.w.e.tomcat.GracefulShutdown - Commencing graceful shutdown. Waiting for active requests to complete
2025-05-23 18:05:20 [tomcat-shutdown] INFO  o.s.b.w.e.tomcat.GracefulShutdown - Graceful shutdown complete
2025-05-23 18:05:20 [SpringApplicationShutdownHook] INFO  o.s.o.j.LocalContainerEntityManagerFactoryBean - Closing JPA EntityManagerFactory for persistence unit 'default'
2025-05-23 18:05:20 [SpringApplicationShutdownHook] INFO  com.zaxxer.hikari.HikariDataSource - HikariPool-1 - Shutdown initiated...
2025-05-23 18:05:20 [SpringApplicationShutdownHook] INFO  com.zaxxer.hikari.HikariDataSource - HikariPool-1 - Shutdown completed.
